<?xml version="1.0" encoding="UTF-8"?>
<testsuite xmlns:xsi="http://www.w3.org/2001/XMLSchema-instance" xsi:noNamespaceSchemaLocation="https://maven.apache.org/surefire/maven-surefire-plugin/xsd/surefire-test-report.xsd" version="3.0.2" name="cl.syst3m64.categorias.controller.CategoriaControllerTest" time="5.121" tests="10" errors="0" skipped="0" failures="0" flakes="0">
  <properties>
[...]
</properties>
  <testcase name="crear_debeRetornar400_cuandoNombreVacio" classname="Tests del CategoriaController con MockMvc" time="0.361">
    <system-out><![CDATA[20:20:15.982 [main] INFO org.springframework.test.context.support.AnnotationConfigContextLoaderUtils -- Could not detect default configuration classes for test class [cl.syst3m64.categorias.controller.CategoriaControllerTest]: CategoriaControllerTest does not declare any static, non-private, non-final, nested classes annotated with @Configuration.
20:20:16.286 [main] INFO org.springframework.boot.test.context.SpringBootTestContextBootstrapper -- Found @SpringBootConfiguration cl.syst3m64.categorias.CategoriasApplication for test class cl.syst3m64.categorias.controller.CategoriaControllerTest
20:20:16.288 [main] INFO org.springframework.test.context.support.AnnotationConfigContextLoaderUtils -- Could not detect default configuration classes for test class [cl.syst3m64.categorias.controller.CategoriaControllerTest]: CategoriaControllerTest does not declare any static, non-private, non-final, nested classes annotated with @Configuration.
20:20:16.308 [main] INFO org.springframework.boot.test.context.SpringBootTestContextBootstrapper -- Found @SpringBootConfiguration cl.syst3m64.categorias.CategoriasApplication for test class cl.syst3m64.categorias.controller.CategoriaControllerTest

  .   ____          _            __ _ _
 /\\ / ___'_ __ _ _(_)_ __  __ _ \ \ \ \
( ( )\___ | '_ | '_| | '_ \/ _` | \ \ \ \
 \\/  ___)| |_)| | | | | || (_| |  ) ) ) )
  '  |____| .__|_| |_|_| |_\__, | / / / /
 =========|_|==============|___/=/_/_/_/

 :: Spring Boot ::                (v4.0.7)

2026-06-21T20:20:17.359-04:00  INFO 5852 --- [ms-categoria] [           main] c.s.c.c.CategoriaControllerTest          : Starting CategoriaControllerTest using Java 21.0.9 with PID 5852 (started by facky in C:\Users\facky\OneDrive\Documents\GitHub\Proyecto-Libreria-Online\Biblioteca Online\ms-categoria)
2026-06-21T20:20:17.362-04:00  INFO 5852 --- [ms-categoria] [           main] c.s.c.c.CategoriaControllerTest          : No active profile set, falling back to 1 default profile: "default"
2026-06-21T20:20:20.032-04:00  INFO 5852 --- [ms-categoria] [           main] o.s.b.t.m.w.SpringBootMockServletContext : Initializing Spring TestDispatcherServlet ''
2026-06-21T20:20:20.033-04:00  INFO 5852 --- [ms-categoria] [           main] o.s.t.web.servlet.TestDispatcherServlet  : Initializing Servlet ''
2026-06-21T20:20:20.037-04:00  INFO 5852 --- [ms-categoria] [           main] o.s.t.web.servlet.TestDispatcherServlet  : Completed initialization in 2 ms
2026-06-21T20:20:20.069-04:00  INFO 5852 --- [ms-categoria] [           main] c.s.c.c.CategoriaControllerTest          : Started CategoriaControllerTest in 3.245 seconds (process running for 5.602)
]]></system-out>
    <system-err><![CDATA[Mockito is currently self-attaching to enable the inline-mock-maker. This will no longer work in future releases of the JDK. Please add Mockito as an agent to your build as described in Mockito's documentation: https://javadoc.io/doc/org.mockito/mockito-core/latest/org.mockito/org/mockito/Mockito.html#0.3
WARNING: A Java agent has been loaded dynamically (C:\Users\facky\.m2\repository\net\bytebuddy\byte-buddy-agent\1.17.8\byte-buddy-agent-1.17.8.jar)
WARNING: If a serviceability tool is in use, please run with -XX:+EnableDynamicAgentLoading to hide this warning
WARNING: If a serviceability tool is not in use, please run with -Djdk.instrument.traceUsage for more information
WARNING: Dynamic loading of agents will be disallowed by default in a future release
]]></system-err>
  </testcase>
  <testcase name="obtenerId_debeRetornar404_cuandoNoExiste" classname="Tests del CategoriaController con MockMvc" time="0.062"/>
  <testcase name="actualizar_debeRetornar200_cuandoExiste" classname="Tests del CategoriaController con MockMvc" time="0.096"/>
  <testcase name="obtenerNombresCat_debeRetornar200ConCategoriasFiltradas" classname="Tests del CategoriaController con MockMvc" time="0.024"/>
  <testcase name="eliminar_debeRetornar200_cuandoExiste" classname="Tests del CategoriaController con MockMvc" time="0.01"/>
  <testcase name="actualizar_debeRetornar404_cuandoNoExiste" classname="Tests del CategoriaController con MockMvc" time="0.013"/>
  <testcase name="eliminar_debeRetornar404_cuandoNoExiste" classname="Tests del CategoriaController con MockMvc" time="0.01"/>
  <testcase name="crear_debeRetornar201_cuandoDatosValidos" classname="Tests del CategoriaController con MockMvc" time="0.012"/>
  <testcase name="obtenerId_debeRetornar200_cuandoExiste" classname="Tests del CategoriaController con MockMvc" time="0.01"/>
  <testcase name="obtenerTodas_debeRetornar200ConListaDeCategorias" classname="Tests del CategoriaController con MockMvc" time="0.012">
    <system-out><![CDATA[
MockHttpServletRequest:
      HTTP Method = GET
      Request URI = /api/categorias
       Parameters = {}
          Headers = [Content-Type:"application/json;charset=UTF-8"]
             Body = null
    Session Attrs = {}

Handler:
             Type = cl.syst3m64.categorias.controller.CategoriaController
           Method = cl.syst3m64.categorias.controller.CategoriaController#obtenerTodas()

Async:
    Async started = false
     Async result = null

Resolved Exception:
             Type = null

ModelAndView:
        View name = null
             View = null
            Model = null

FlashMap:
       Attributes = null

MockHttpServletResponse:
           Status = 200
    Error message = null
          Headers = [Content-Type:"application/json"]
     Content type = application/json
             Body = [{"id":1,"nombre":"Electronica","descripcion":"Articulos electronicos en general"}]
    Forwarded URL = null
   Redirected URL = null
          Cookies = []
]]></system-out>
  </testcase>
</testsuite>