GROUP,PACKAGE,CLASS,INSTRUCTION_MISSED,INSTRUCTION_COVERED,BRANCH_MISSED,BRANCH_COVERED,LINE_MISSED,LINE_COVERED,COMPLEXITY_MISSED,COMPLEXITY_COVERED,METHOD_MISSED,METHOD_COVERED
ms_carrito,cl.syst3m64.carrito.controller,CarritoController,43,0,2,0,10,0,6,0,5,0
ms_carrito,cl.syst3m64.carrito.service.impl,CarritoServiceImpl,124,138,6,4,25,34,7,5,3,4
ms_carrito,cl.syst3m64.carrito.config,DataInitializer,72,0,2,0,12,0,3,0,2,0
ms_carrito,cl.syst3m64.carrito.exception,RecursoNoEncontradoException,4,0,0,0,2,0,1,0,1,0
ms_carrito,cl.syst3m64.carrito.exception,GlobalExceptionHandler,64,0,0,0,11,0,7,0,7,0
ms_carrito,cl.syst3m64.carrito.exception,ServicioExternoNoDisponibleException,4,0,0,0,2,0,1,0,1,0
ms_carrito,cl.syst3m64.carrito,CarritoApplication,8,0,0,0,3,0,2,0,2,0
